# JRE version: Java(TM) SE Runtime Environment (7.0_45-b18) (build 1.7.0_45-b18)
# Java VM: Java HotSpot(TM) 64-Bit Server VM (24.45-b08 mixed mode bsd-amd64 compressed oops)
Heap
 par new generation   total 153344K, used 5672K [0x00000007bae00000, 0x00000007c5460000, 0x00000007c5460000)
  eden space 136320K,   4% used [0x00000007bae00000, 0x00000007bb38a0b8, 0x00000007c3320000)
  from space 17024K,   0% used [0x00000007c3320000, 0x00000007c3320000, 0x00000007c43c0000)
  to   space 17024K,   0% used [0x00000007c43c0000, 0x00000007c43c0000, 0x00000007c5460000)
 concurrent mark-sweep generation total 878208K, used 242086K [0x00000007c5460000, 0x00000007fae00000, 0x00000007fae00000)
 concurrent-mark-sweep perm gen total 71796K, used 42684K [0x00000007fae00000, 0x00000007ff41d000, 0x0000000800000000)
GC Heap History (10 events):
Event: 1371.189 GC heap before
{Heap before GC invocations=605 (full 20):
 par new generation   total 153344K, used 140350K [0x00000007bae00000, 0x00000007c5460000, 0x00000007c5460000)
  eden space 136320K, 100% used [0x00000007bae00000, 0x00000007c3320000, 0x00000007c3320000)
  from space 17024K,  23% used [0x00000007c43c0000, 0x00000007c47af880, 0x00000007c5460000)
  to   space 17024K,   0% used [0x00000007c3320000, 0x00000007c3320000, 0x00000007c43c0000)
 concurrent mark-sweep generation total 878208K, used 302701K [0x00000007c5460000, 0x00000007fae00000, 0x00000007fae00000)
 concurrent-mark-sweep perm gen total 71796K, used 42727K [0x00000007fae00000, 0x00000007ff41d000, 0x0000000800000000)
Event: 1371.203 GC heap after
Heap after GC invocations=606 (full 20):
 par new generation   total 153344K, used 2736K [0x00000007bae00000, 0x00000007c5460000, 0x00000007c5460000)
  eden space 136320K,   0% used [0x00000007bae00000, 0x00000007bae00000, 0x00000007c3320000)
  from space 17024K,  16% used [0x00000007c3320000, 0x00000007c35cc300, 0x00000007c43c0000)
  to   space 17024K,   0% used [0x00000007c43c0000, 0x00000007c43c0000, 0x00000007c5460000)
 concurrent mark-sweep generation total 878208K, used 302701K [0x00000007c5460000, 0x00000007fae00000, 0x00000007fae00000)
 concurrent-mark-sweep perm gen total 71796K, used 42727K [0x00000007fae00000, 0x00000007ff41d000, 0x0000000800000000)
}
Event: 1376.190 GC heap before
{Heap before GC invocations=606 (full 20):
 par new generation   total 153344K, used 139056K [0x00000007bae00000, 0x00000007c5460000, 0x00000007c5460000)
  eden space 136320K, 100% used [0x00000007bae00000, 0x00000007c3320000, 0x00000007c3320000)
  from space 17024K,  16% used [0x00000007c3320000, 0x00000007c35cc300, 0x00000007c43c0000)
  to   space 17024K,   0% used [0x00000007c43c0000, 0x00000007c43c0000, 0x00000007c5460000)
 concurrent mark-sweep generation total 878208K, used 302701K [0x00000007c5460000, 0x00000007fae00000, 0x00000007fae00000)
 concurrent-mark-sweep perm gen total 71796K, used 42727K [0x00000007fae00000, 0x00000007ff41d000, 0x0000000800000000)
Event: 1376.205 GC heap after
Heap after GC invocations=607 (full 20):
 par new generation   total 153344K, used 2585K [0x00000007bae00000, 0x00000007c5460000, 0x00000007c5460000)
  eden space 136320K,   0% used [0x00000007bae00000, 0x00000007bae00000, 0x00000007c3320000)
  from space 17024K,  15% used [0x00000007c43c0000, 0x00000007c4646650, 0x00000007c5460000)
  to   space 17024K,   0% used [0x00000007c3320000, 0x00000007c3320000, 0x00000007c43c0000)
 concurrent mark-sweep generation total 878208K, used 302701K [0x00000007c5460000, 0x00000007fae00000, 0x00000007fae00000)
 concurrent-mark-sweep perm gen total 71796K, used 42727K [0x00000007fae00000, 0x00000007ff41d000, 0x0000000800000000)
}
Event: 1381.066 GC heap before
{Heap before GC invocations=607 (full 20):
 par new generation   total 153344K, used 138905K [0x00000007bae00000, 0x00000007c5460000, 0x00000007c5460000)
  eden space 136320K, 100% used [0x00000007bae00000, 0x00000007c3320000, 0x00000007c3320000)
  from space 17024K,  15% used [0x00000007c43c0000, 0x00000007c4646650, 0x00000007c5460000)
  to   space 17024K,   0% used [0x00000007c3320000, 0x00000007c3320000, 0x00000007c43c0000)
 concurrent mark-sweep generation total 878208K, used 302701K [0x00000007c5460000, 0x00000007fae00000, 0x00000007fae00000)
 concurrent-mark-sweep perm gen total 71796K, used 42727K [0x00000007fae00000, 0x00000007ff41d000, 0x0000000800000000)
Event: 1381.080 GC heap after
Heap after GC invocations=608 (full 20):
 par new generation   total 153344K, used 1837K [0x00000007bae00000, 0x00000007c5460000, 0x00000007c5460000)
  eden space 136320K,   0% used [0x00000007bae00000, 0x00000007bae00000, 0x00000007c3320000)
  from space 17024K,  10% used [0x00000007c3320000, 0x00000007c34eb540, 0x00000007c43c0000)
  to   space 17024K,   0% used [0x00000007c43c0000, 0x00000007c43c0000, 0x00000007c5460000)
 concurrent mark-sweep generation total 878208K, used 304017K [0x00000007c5460000, 0x00000007fae00000, 0x00000007fae00000)
 concurrent-mark-sweep perm gen total 71796K, used 42727K [0x00000007fae00000, 0x00000007ff41d000, 0x0000000800000000)
}
Event: 1382.017 GC heap before
{Heap before GC invocations=608 (full 20):
 par new generation   total 153344K, used 14847K [0x00000007bae00000, 0x00000007c5460000, 0x00000007c5460000)
  eden space 136320K,   9% used [0x00000007bae00000, 0x00000007bbab4888, 0x00000007c3320000)
  from space 17024K,  10% used [0x00000007c3320000, 0x00000007c34eb540, 0x00000007c43c0000)
  to   space 17024K,   0% used [0x00000007c43c0000, 0x00000007c43c0000, 0x00000007c5460000)
 concurrent mark-sweep generation total 878208K, used 304017K [0x00000007c5460000, 0x00000007fae00000, 0x00000007fae00000)
 concurrent-mark-sweep perm gen total 71796K, used 42843K [0x00000007fae00000, 0x00000007ff41d000, 0x0000000800000000)
Event: 1383.969 GC heap after
Heap after GC invocations=609 (full 21):
 par new generation   total 153344K, used 0K [0x00000007bae00000, 0x00000007c5460000, 0x00000007c5460000)
  eden space 136320K,   0% used [0x00000007bae00000, 0x00000007bae00000, 0x00000007c3320000)
  from space 17024K,   0% used [0x00000007c3320000, 0x00000007c3320000, 0x00000007c43c0000)
  to   space 17024K,   0% used [0x00000007c43c0000, 0x00000007c43c0000, 0x00000007c5460000)
 concurrent mark-sweep generation total 878208K, used 242237K [0x00000007c5460000, 0x00000007fae00000, 0x00000007fae00000)
 concurrent-mark-sweep perm gen total 71796K, used 42654K [0x00000007fae00000, 0x00000007ff41d000, 0x0000000800000000)
}
Event: 1384.096 GC heap before
{Heap before GC invocations=609 (full 22):
 par new generation   total 153344K, used 3931K [0x00000007bae00000, 0x00000007c5460000, 0x00000007c5460000)
  eden space 136320K,   2% used [0x00000007bae00000, 0x00000007bb1d6e38, 0x00000007c3320000)
  from space 17024K,   0% used [0x00000007c3320000, 0x00000007c3320000, 0x00000007c43c0000)
  to   space 17024K,   0% used [0x00000007c43c0000, 0x00000007c43c0000, 0x00000007c5460000)
 concurrent mark-sweep generation total 878208K, used 242237K [0x00000007c5460000, 0x00000007fae00000, 0x00000007fae00000)
 concurrent-mark-sweep perm gen total 71796K, used 42655K [0x00000007fae00000, 0x00000007ff41d000, 0x0000000800000000)
Event: 1385.915 GC heap after
Heap after GC invocations=610 (full 23):
 par new generation   total 153344K, used 0K [0x00000007bae00000, 0x00000007c5460000, 0x00000007c5460000)
  eden space 136320K,   0% used [0x00000007bae00000, 0x00000007bae00000, 0x00000007c3320000)
  from space 17024K,   0% used [0x00000007c3320000, 0x00000007c3320000, 0x00000007c43c0000)
  to   space 17024K,   0% used [0x00000007c43c0000, 0x00000007c43c0000, 0x00000007c5460000)
 concurrent mark-sweep generation total 878208K, used 242086K [0x00000007c5460000, 0x00000007fae00000, 0x00000007fae00000)
 concurrent-mark-sweep perm gen total 71796K, used 42649K [0x00000007fae00000, 0x00000007ff41d000, 0x0000000800000000)
}

