# JRE version: Java(TM) SE Runtime Environment (7.0_45-b18) (build 1.7.0_45-b18)
# Java VM: Java HotSpot(TM) 64-Bit Server VM (24.45-b08 mixed mode bsd-amd64 compressed oops)
Heap
 par new generation   total 153344K, used 116384K [0x00000007bae00000, 0x00000007c5460000, 0x00000007c5460000)
  eden space 136320K,  72% used [0x00000007bae00000, 0x00000007c0f08070, 0x00000007c3320000)
  from space 17024K, 100% used [0x00000007c3320000, 0x00000007c43c0000, 0x00000007c43c0000)
  to   space 17024K,   0% used [0x00000007c43c0000, 0x00000007c43c0000, 0x00000007c5460000)
 concurrent mark-sweep generation total 878208K, used 32437K [0x00000007c5460000, 0x00000007fae00000, 0x00000007fae00000)
 concurrent-mark-sweep perm gen total 34400K, used 22152K [0x00000007fae00000, 0x00000007fcf98000, 0x0000000800000000)
GC Heap History (10 events):
Event: 5.269 GC heap before
{Heap before GC invocations=0 (full 0):
 par new generation   total 153344K, used 40936K [0x00000007bae00000, 0x00000007c5460000, 0x00000007c5460000)
  eden space 136320K,  30% used [0x00000007bae00000, 0x00000007bd5fa3c0, 0x00000007c3320000)
  from space 17024K,   0% used [0x00000007c3320000, 0x00000007c3320000, 0x00000007c43c0000)
  to   space 17024K,   0% used [0x00000007c43c0000, 0x00000007c43c0000, 0x00000007c5460000)
 concurrent mark-sweep generation total 878208K, used 0K [0x00000007c5460000, 0x00000007fae00000, 0x00000007fae00000)
 concurrent-mark-sweep perm gen total 21248K, used 9980K [0x00000007fae00000, 0x00000007fc2c0000, 0x0000000800000000)
Event: 5.333 GC heap after
Heap after GC invocations=1 (full 1):
 par new generation   total 153344K, used 0K [0x00000007bae00000, 0x00000007c5460000, 0x00000007c5460000)
  eden space 136320K,   0% used [0x00000007bae00000, 0x00000007bae00000, 0x00000007c3320000)
  from space 17024K,   0% used [0x00000007c3320000, 0x00000007c3320000, 0x00000007c43c0000)
  to   space 17024K,   0% used [0x00000007c43c0000, 0x00000007c43c0000, 0x00000007c5460000)
 concurrent mark-sweep generation total 878208K, used 5127K [0x00000007c5460000, 0x00000007fae00000, 0x00000007fae00000)
 concurrent-mark-sweep perm gen total 21248K, used 9978K [0x00000007fae00000, 0x00000007fc2c0000, 0x0000000800000000)
}
Event: 9.153 GC heap before
{Heap before GC invocations=1 (full 2):
 par new generation   total 153344K, used 136320K [0x00000007bae00000, 0x00000007c5460000, 0x00000007c5460000)
  eden space 136320K, 100% used [0x00000007bae00000, 0x00000007c3320000, 0x00000007c3320000)
  from space 17024K,   0% used [0x00000007c3320000, 0x00000007c3320000, 0x00000007c43c0000)
  to   space 17024K,   0% used [0x00000007c43c0000, 0x00000007c43c0000, 0x00000007c5460000)
 concurrent mark-sweep generation total 878208K, used 5127K [0x00000007c5460000, 0x00000007fae00000, 0x00000007fae00000)
 concurrent-mark-sweep perm gen total 21248K, used 13473K [0x00000007fae00000, 0x00000007fc2c0000, 0x0000000800000000)
Event: 9.214 GC heap after
Heap after GC invocations=2 (full 2):
 par new generation   total 153344K, used 12296K [0x00000007bae00000, 0x00000007c5460000, 0x00000007c5460000)
  eden space 136320K,   0% used [0x00000007bae00000, 0x00000007bae00000, 0x00000007c3320000)
  from space 17024K,  72% used [0x00000007c43c0000, 0x00000007c4fc2370, 0x00000007c5460000)
  to   space 17024K,   0% used [0x00000007c3320000, 0x00000007c3320000, 0x00000007c43c0000)
 concurrent mark-sweep generation total 878208K, used 5127K [0x00000007c5460000, 0x00000007fae00000, 0x00000007fae00000)
 concurrent-mark-sweep perm gen total 21248K, used 13473K [0x00000007fae00000, 0x00000007fc2c0000, 0x0000000800000000)
}
Event: 17.331 GC heap before
{Heap before GC invocations=2 (full 2):
 par new generation   total 153344K, used 148616K [0x00000007bae00000, 0x00000007c5460000, 0x00000007c5460000)
  eden space 136320K, 100% used [0x00000007bae00000, 0x00000007c3320000, 0x00000007c3320000)
  from space 17024K,  72% used [0x00000007c43c0000, 0x00000007c4fc2370, 0x00000007c5460000)
  to   space 17024K,   0% used [0x00000007c3320000, 0x00000007c3320000, 0x00000007c43c0000)
 concurrent mark-sweep generation total 878208K, used 2167K [0x00000007c5460000, 0x00000007fae00000, 0x00000007fae00000)
 concurrent-mark-sweep perm gen total 26312K, used 17679K [0x00000007fae00000, 0x00000007fc7b2000, 0x0000000800000000)
Event: 17.437 GC heap after
Heap after GC invocations=3 (full 2):
 par new generation   total 153344K, used 15020K [0x00000007bae00000, 0x00000007c5460000, 0x00000007c5460000)
  eden space 136320K,   0% used [0x00000007bae00000, 0x00000007bae00000, 0x00000007c3320000)
  from space 17024K,  88% used [0x00000007c3320000, 0x00000007c41cb1f0, 0x00000007c43c0000)
  to   space 17024K,   0% used [0x00000007c43c0000, 0x00000007c43c0000, 0x00000007c5460000)
 concurrent mark-sweep generation total 878208K, used 21136K [0x00000007c5460000, 0x00000007fae00000, 0x00000007fae00000)
 concurrent-mark-sweep perm gen total 26312K, used 17679K [0x00000007fae00000, 0x00000007fc7b2000, 0x0000000800000000)
}
Event: 18.099 GC heap before
{Heap before GC invocations=3 (full 3):
 par new generation   total 153344K, used 151340K [0x00000007bae00000, 0x00000007c5460000, 0x00000007c5460000)
  eden space 136320K, 100% used [0x00000007bae00000, 0x00000007c3320000, 0x00000007c3320000)
  from space 17024K,  88% used [0x00000007c3320000, 0x00000007c41cb1f0, 0x00000007c43c0000)
  to   space 17024K,   0% used [0x00000007c43c0000, 0x00000007c43c0000, 0x00000007c5460000)
 concurrent mark-sweep generation total 878208K, used 21136K [0x00000007c5460000, 0x00000007fae00000, 0x00000007fae00000)
 concurrent-mark-sweep perm gen total 26312K, used 17685K [0x00000007fae00000, 0x00000007fc7b2000, 0x0000000800000000)
Event: 18.160 GC heap after
Heap after GC invocations=4 (full 3):
 par new generation   total 153344K, used 9804K [0x00000007bae00000, 0x00000007c5460000, 0x00000007c5460000)
  eden space 136320K,   0% used [0x00000007bae00000, 0x00000007bae00000, 0x00000007c3320000)
  from space 17024K,  57% used [0x00000007c43c0000, 0x00000007c4d53020, 0x00000007c5460000)
  to   space 17024K,   0% used [0x00000007c3320000, 0x00000007c3320000, 0x00000007c43c0000)
 concurrent mark-sweep generation total 878208K, used 28643K [0x00000007c5460000, 0x00000007fae00000, 0x00000007fae00000)
 concurrent-mark-sweep perm gen total 26312K, used 17685K [0x00000007fae00000, 0x00000007fc7b2000, 0x0000000800000000)
}
Event: 19.263 GC heap before
{Heap before GC invocations=4 (full 3):
 par new generation   total 153344K, used 146124K [0x00000007bae00000, 0x00000007c5460000, 0x00000007c5460000)
  eden space 136320K, 100% used [0x00000007bae00000, 0x00000007c3320000, 0x00000007c3320000)
  from space 17024K,  57% used [0x00000007c43c0000, 0x00000007c4d53020, 0x00000007c5460000)
  to   space 17024K,   0% used [0x00000007c3320000, 0x00000007c3320000, 0x00000007c43c0000)
 concurrent mark-sweep generation total 878208K, used 28643K [0x00000007c5460000, 0x00000007fae00000, 0x00000007fae00000)
 concurrent-mark-sweep perm gen total 26312K, used 18912K [0x00000007fae00000, 0x00000007fc7b2000, 0x0000000800000000)
Event: 19.337 GC heap after
Heap after GC invocations=5 (full 3):
 par new generation   total 153344K, used 17024K [0x00000007bae00000, 0x00000007c5460000, 0x00000007c5460000)
  eden space 136320K,   0% used [0x00000007bae00000, 0x00000007bae00000, 0x00000007c3320000)
  from space 17024K, 100% used [0x00000007c3320000, 0x00000007c43c0000, 0x00000007c43c0000)
  to   space 17024K,   0% used [0x00000007c43c0000, 0x00000007c43c0000, 0x00000007c5460000)
 concurrent mark-sweep generation total 878208K, used 32512K [0x00000007c5460000, 0x00000007fae00000, 0x00000007fae00000)
 concurrent-mark-sweep perm gen total 26312K, used 18912K [0x00000007fae00000, 0x00000007fc7b2000, 0x0000000800000000)
}

